2021-10-06 14:59:11 INFO  HttpRequest:61 - Get data from https://business-api.tiktok.com/open_api/v1.2/campaign/get/?advertiser_id=6791983391823626245&page=1# success
2021-10-06 14:59:11 INFO  HttpRequest:61 - Get data from https://business-api.tiktok.com/open_api/v1.2/campaign/get/?advertiser_id=6791983391823626245&page=2# success
2021-10-06 14:59:12 INFO  HttpRequest:61 - Get data from https://business-api.tiktok.com/open_api/v1.2/campaign/get/?advertiser_id=6791983391823626245&page=3# success
2021-10-06 14:59:12 INFO  DatabaseConnector:18 - Connect to database
2021-10-06 14:59:12 INFO  AdDAO:79 - Save Campaign data success
2021-10-06 14:59:12 INFO  HttpRequest:61 - Get data from https://business-api.tiktok.com/open_api/v1.2/adgroup/get/?advertiser_id=6791983391823626245&page=1# success
2021-10-06 14:59:13 INFO  HttpRequest:61 - Get data from https://business-api.tiktok.com/open_api/v1.2/adgroup/get/?advertiser_id=6791983391823626245&page=2# success
2021-10-06 14:59:13 INFO  HttpRequest:61 - Get data from https://business-api.tiktok.com/open_api/v1.2/adgroup/get/?advertiser_id=6791983391823626245&page=3# success
2021-10-06 14:59:14 INFO  HttpRequest:61 - Get data from https://business-api.tiktok.com/open_api/v1.2/adgroup/get/?advertiser_id=6791983391823626245&page=4# success
2021-10-06 14:59:14 INFO  DatabaseConnector:18 - Connect to database
2021-10-06 14:59:14 INFO  AdGroupDAO:82 - Save AdGroup data success
2021-10-06 14:59:15 INFO  HttpRequest:61 - Get data from https://business-api.tiktok.com/open_api/v1.2/ad/get/?advertiser_id=6791983391823626245&page=1# success
2021-10-06 14:59:15 INFO  HttpRequest:61 - Get data from https://business-api.tiktok.com/open_api/v1.2/ad/get/?advertiser_id=6791983391823626245&page=2# success
2021-10-06 14:59:16 INFO  HttpRequest:61 - Get data from https://business-api.tiktok.com/open_api/v1.2/ad/get/?advertiser_id=6791983391823626245&page=3# success
2021-10-06 14:59:16 INFO  HttpRequest:61 - Get data from https://business-api.tiktok.com/open_api/v1.2/ad/get/?advertiser_id=6791983391823626245&page=4# success
2021-10-06 14:59:16 INFO  HttpRequest:61 - Get data from https://business-api.tiktok.com/open_api/v1.2/ad/get/?advertiser_id=6791983391823626245&page=5# success
2021-10-06 14:59:16 INFO  DatabaseConnector:18 - Connect to database
2021-10-06 14:59:17 INFO  AdDAO:80 - Save Ad data success
2021-10-07 09:04:31 INFO  HttpRequest:72 - Get data from https://business-api.tiktok.com/open_api/v1.2/ad/get/?advertiser_id=6791983391823626245&page=1# success
2021-10-07 09:04:31 INFO  HttpRequest:72 - Get data from https://business-api.tiktok.com/open_api/v1.2/ad/get/?advertiser_id=6791983391823626245&page=1# success
2021-10-07 09:04:31 INFO  HttpRequest:72 - Get data from https://business-api.tiktok.com/open_api/v1.2/ad/get/?advertiser_id=1&page=1# success
2021-10-07 09:05:06 INFO  HttpRequest:72 - Get data from https://business-api.tiktok.com/open_api/v1.2/campaign/get/?advertiser_id=6791983391823626245&page=1# success
2021-10-07 09:05:07 INFO  HttpRequest:72 - Get data from https://business-api.tiktok.com/open_api/v1.2/campaign/get/?advertiser_id=6791983391823626245&page=2# success
2021-10-07 09:05:07 INFO  HttpRequest:72 - Get data from https://business-api.tiktok.com/open_api/v1.2/campaign/get/?advertiser_id=6791983391823626245&page=3# success
2021-10-07 09:05:07 INFO  DatabaseConnector:18 - Connect to database
2021-10-07 09:05:08 INFO  AdDAO:79 - Save Campaign data success
2021-10-07 09:05:08 INFO  HttpRequest:72 - Get data from https://business-api.tiktok.com/open_api/v1.2/adgroup/get/?advertiser_id=6791983391823626245&page=1# success
2021-10-07 09:05:09 INFO  HttpRequest:72 - Get data from https://business-api.tiktok.com/open_api/v1.2/adgroup/get/?advertiser_id=6791983391823626245&page=2# success
2021-10-07 09:05:09 INFO  HttpRequest:72 - Get data from https://business-api.tiktok.com/open_api/v1.2/adgroup/get/?advertiser_id=6791983391823626245&page=3# success
2021-10-07 09:05:10 INFO  HttpRequest:72 - Get data from https://business-api.tiktok.com/open_api/v1.2/adgroup/get/?advertiser_id=6791983391823626245&page=4# success
2021-10-07 09:05:10 INFO  DatabaseConnector:18 - Connect to database
2021-10-07 09:05:10 INFO  AdGroupDAO:82 - Save AdGroup data success
2021-10-07 09:05:10 INFO  HttpRequest:72 - Get data from https://business-api.tiktok.com/open_api/v1.2/ad/get/?advertiser_id=6791983391823626245&page=1# success
2021-10-07 09:05:11 INFO  HttpRequest:72 - Get data from https://business-api.tiktok.com/open_api/v1.2/ad/get/?advertiser_id=6791983391823626245&page=2# success
2021-10-07 09:05:11 INFO  HttpRequest:72 - Get data from https://business-api.tiktok.com/open_api/v1.2/ad/get/?advertiser_id=6791983391823626245&page=3# success
2021-10-07 09:05:12 INFO  HttpRequest:72 - Get data from https://business-api.tiktok.com/open_api/v1.2/ad/get/?advertiser_id=6791983391823626245&page=4# success
2021-10-07 09:05:12 INFO  HttpRequest:72 - Get data from https://business-api.tiktok.com/open_api/v1.2/ad/get/?advertiser_id=6791983391823626245&page=5# success
2021-10-07 09:05:12 INFO  DatabaseConnector:18 - Connect to database
2021-10-07 09:05:12 INFO  AdDAO:80 - Save Ad data success
2021-10-07 14:22:07 INFO  HttpRequest:72 - Get data from https://business-api.tiktok.com/open_api/v1.2/ad/get/?advertiser_id=6791983391823626245&page=1# success
2021-10-07 14:22:08 INFO  HttpRequest:72 - Get data from https://business-api.tiktok.com/open_api/v1.2/ad/get/?advertiser_id=6791983391823626245&page=1# success
2021-10-07 14:22:08 INFO  HttpRequest:72 - Get data from https://business-api.tiktok.com/open_api/v1.2/ad/get/?advertiser_id=1&page=1# success
2021-10-07 14:23:18 INFO  HttpRequest:72 - Get data from https://business-api.tiktok.com/open_api/v1.2/ad/get/?advertiser_id=6791983391823626245&page=1# success
2021-10-07 14:23:19 INFO  HttpRequest:72 - Get data from https://business-api.tiktok.com/open_api/v1.2/ad/get/?advertiser_id=6791983391823626245&page=1# success
2021-10-07 14:23:19 INFO  HttpRequest:72 - Get data from https://business-api.tiktok.com/open_api/v1.2/ad/get/?advertiser_id=1&page=1# success
2021-10-08 09:03:00 INFO  HttpRequest:54 - Get data from https://business-api.tiktok.com/open_api/v1.2/campaign/get/?advertiser_id=6791983391823626245&page=1# success
2021-10-08 09:03:00 INFO  HttpRequest:54 - Get data from https://business-api.tiktok.com/open_api/v1.2/campaign/get/?advertiser_id=6791983391823626245&page=2# success
2021-10-08 09:03:01 INFO  HttpRequest:54 - Get data from https://business-api.tiktok.com/open_api/v1.2/campaign/get/?advertiser_id=6791983391823626245&page=3# success
2021-10-08 09:03:01 INFO  DatabaseConnector:20 - Connect to database
2021-10-08 09:03:01 INFO  AdDAO:78 - Save Campaign data success
2021-10-08 09:03:02 INFO  HttpRequest:54 - Get data from https://business-api.tiktok.com/open_api/v1.2/adgroup/get/?advertiser_id=6791983391823626245&page=1# success
2021-10-08 09:03:03 INFO  HttpRequest:54 - Get data from https://business-api.tiktok.com/open_api/v1.2/adgroup/get/?advertiser_id=6791983391823626245&page=2# success
2021-10-08 09:03:03 INFO  HttpRequest:54 - Get data from https://business-api.tiktok.com/open_api/v1.2/adgroup/get/?advertiser_id=6791983391823626245&page=3# success
2021-10-08 09:03:04 INFO  HttpRequest:54 - Get data from https://business-api.tiktok.com/open_api/v1.2/adgroup/get/?advertiser_id=6791983391823626245&page=4# success
2021-10-08 09:03:04 INFO  DatabaseConnector:20 - Connect to database
2021-10-08 09:03:04 INFO  AdGroupDAO:82 - Save AdGroup data success
2021-10-08 09:03:04 INFO  HttpRequest:54 - Get data from https://business-api.tiktok.com/open_api/v1.2/ad/get/?advertiser_id=6791983391823626245&page=1# success
2021-10-08 09:03:05 INFO  HttpRequest:54 - Get data from https://business-api.tiktok.com/open_api/v1.2/ad/get/?advertiser_id=6791983391823626245&page=2# success
2021-10-08 09:03:05 INFO  HttpRequest:54 - Get data from https://business-api.tiktok.com/open_api/v1.2/ad/get/?advertiser_id=6791983391823626245&page=3# success
2021-10-08 09:03:06 INFO  HttpRequest:54 - Get data from https://business-api.tiktok.com/open_api/v1.2/ad/get/?advertiser_id=6791983391823626245&page=4# success
2021-10-08 09:03:06 INFO  HttpRequest:54 - Get data from https://business-api.tiktok.com/open_api/v1.2/ad/get/?advertiser_id=6791983391823626245&page=5# success
2021-10-08 09:03:06 INFO  DatabaseConnector:20 - Connect to database
2021-10-08 09:03:06 INFO  AdDAO:80 - Save Ad data success
